# JRE version: OpenJDK Runtime Environment (8.0_152-b02) (build 1.8.0_152-release-1024-b02)
# Java VM: OpenJDK 64-Bit Server VM (25.152-b02 mixed mode windows-amd64 compressed oops)
Heap:
 PSYoungGen      total 454144K, used 207501K [0x00000000e0000000, 0x00000000fe200000, 0x0000000100000000)
  eden space 427008K, 46% used [0x00000000e0000000,0x00000000ec2fce58,0x00000000fa100000)
  from space 27136K, 28% used [0x00000000fc780000,0x00000000fcf26738,0x00000000fe200000)
  to   space 33280K, 0% used [0x00000000fa100000,0x00000000fa100000,0x00000000fc180000)
 ParOldGen       total 96768K, used 81664K [0x00000000a0000000, 0x00000000a5e80000, 0x00000000e0000000)
  object space 96768K, 84% used [0x00000000a0000000,0x00000000a4fc0290,0x00000000a5e80000)
 Metaspace       used 92875K, capacity 97576K, committed 97752K, reserved 1134592K
  class space    used 11714K, capacity 12677K, committed 12800K, reserved 1048576K
GC Heap History (10 events):
Event: 4535.563 GC heap before
{Heap before GC invocations=37 (full 3):
 PSYoungGen      total 287744K, used 252992K [0x00000000e0000000, 0x00000000f6d00000, 0x0000000100000000)
  eden space 250880K, 100% used [0x00000000e0000000,0x00000000ef500000,0x00000000ef500000)
  from space 36864K, 5% used [0x00000000ef500000,0x00000000ef710230,0x00000000f1900000)
  to   space 36864K, 0% used [0x00000000f4900000,0x00000000f4900000,0x00000000f6d00000)
 ParOldGen       total 96768K, used 70897K [0x00000000a0000000, 0x00000000a5e80000, 0x00000000e0000000)
  object space 96768K, 73% used [0x00000000a0000000,0x00000000a453c778,0x00000000a5e80000)
 Metaspace       used 90271K, capacity 94456K, committed 94808K, reserved 1132544K
  class space    used 11429K, capacity 12303K, committed 12416K, reserved 1048576K
Event: 4535.578 GC heap after
Heap after GC invocations=37 (full 3):
 PSYoungGen      total 334848K, used 8661K [0x00000000e0000000, 0x00000000f6a80000, 0x0000000100000000)
  eden space 300544K, 0% used [0x00000000e0000000,0x00000000e0000000,0x00000000f2580000)
  from space 34304K, 25% used [0x00000000f4900000,0x00000000f5175568,0x00000000f6a80000)
  to   space 35328K, 0% used [0x00000000f2580000,0x00000000f2580000,0x00000000f4800000)
 ParOldGen       total 96768K, used 71145K [0x00000000a0000000, 0x00000000a5e80000, 0x00000000e0000000)
  object space 96768K, 73% used [0x00000000a0000000,0x00000000a457a778,0x00000000a5e80000)
 Metaspace       used 90271K, capacity 94456K, committed 94808K, reserved 1132544K
  class space    used 11429K, capacity 12303K, committed 12416K, reserved 1048576K
}
Event: 4536.147 GC heap before
{Heap before GC invocations=38 (full 3):
 PSYoungGen      total 334848K, used 309205K [0x00000000e0000000, 0x00000000f6a80000, 0x0000000100000000)
  eden space 300544K, 100% used [0x00000000e0000000,0x00000000f2580000,0x00000000f2580000)
  from space 34304K, 25% used [0x00000000f4900000,0x00000000f5175568,0x00000000f6a80000)
  to   space 35328K, 0% used [0x00000000f2580000,0x00000000f2580000,0x00000000f4800000)
 ParOldGen       total 96768K, used 71145K [0x00000000a0000000, 0x00000000a5e80000, 0x00000000e0000000)
  object space 96768K, 73% used [0x00000000a0000000,0x00000000a457a778,0x00000000a5e80000)
 Metaspace       used 90321K, capacity 94460K, committed 94808K, reserved 1132544K
  class space    used 11430K, capacity 12303K, committed 12416K, reserved 1048576K
Event: 4536.170 GC heap after
Heap after GC invocations=38 (full 3):
 PSYoungGen      total 335872K, used 3568K [0x00000000e0000000, 0x00000000fa500000, 0x0000000100000000)
  eden space 300544K, 0% used [0x00000000e0000000,0x00000000e0000000,0x00000000f2580000)
  from space 35328K, 10% used [0x00000000f2580000,0x00000000f28fc010,0x00000000f4800000)
  to   space 34816K, 0% used [0x00000000f8300000,0x00000000f8300000,0x00000000fa500000)
 ParOldGen       total 96768K, used 77344K [0x00000000a0000000, 0x00000000a5e80000, 0x00000000e0000000)
  object space 96768K, 79% used [0x00000000a0000000,0x00000000a4b882f8,0x00000000a5e80000)
 Metaspace       used 90321K, capacity 94460K, committed 94808K, reserved 1132544K
  class space    used 11430K, capacity 12303K, committed 12416K, reserved 1048576K
}
Event: 4536.800 GC heap before
{Heap before GC invocations=39 (full 3):
 PSYoungGen      total 335872K, used 304112K [0x00000000e0000000, 0x00000000fa500000, 0x0000000100000000)
  eden space 300544K, 100% used [0x00000000e0000000,0x00000000f2580000,0x00000000f2580000)
  from space 35328K, 10% used [0x00000000f2580000,0x00000000f28fc010,0x00000000f4800000)
  to   space 34816K, 0% used [0x00000000f8300000,0x00000000f8300000,0x00000000fa500000)
 ParOldGen       total 96768K, used 77344K [0x00000000a0000000, 0x00000000a5e80000, 0x00000000e0000000)
  object space 96768K, 79% used [0x00000000a0000000,0x00000000a4b882f8,0x00000000a5e80000)
 Metaspace       used 90414K, capacity 94538K, committed 94808K, reserved 1132544K
  class space    used 11433K, capacity 12306K, committed 12416K, reserved 1048576K
Event: 4536.819 GC heap after
Heap after GC invocations=39 (full 3):
 PSYoungGen      total 394240K, used 6052K [0x00000000e0000000, 0x00000000fa300000, 0x0000000100000000)
  eden space 361472K, 0% used [0x00000000e0000000,0x00000000e0000000,0x00000000f6100000)
  from space 32768K, 18% used [0x00000000f8300000,0x00000000f88e91b0,0x00000000fa300000)
  to   space 33792K, 0% used [0x00000000f6100000,0x00000000f6100000,0x00000000f8200000)
 ParOldGen       total 96768K, used 79020K [0x00000000a0000000, 0x00000000a5e80000, 0x00000000e0000000)
  object space 96768K, 81% used [0x00000000a0000000,0x00000000a4d2b230,0x00000000a5e80000)
 Metaspace       used 90414K, capacity 94538K, committed 94808K, reserved 1132544K
  class space    used 11433K, capacity 12306K, committed 12416K, reserved 1048576K
}
Event: 4540.504 GC heap before
{Heap before GC invocations=40 (full 3):
 PSYoungGen      total 394240K, used 367524K [0x00000000e0000000, 0x00000000fa300000, 0x0000000100000000)
  eden space 361472K, 100% used [0x00000000e0000000,0x00000000f6100000,0x00000000f6100000)
  from space 32768K, 18% used [0x00000000f8300000,0x00000000f88e91b0,0x00000000fa300000)
  to   space 33792K, 0% used [0x00000000f6100000,0x00000000f6100000,0x00000000f8200000)
 ParOldGen       total 96768K, used 79020K [0x00000000a0000000, 0x00000000a5e80000, 0x00000000e0000000)
  object space 96768K, 81% used [0x00000000a0000000,0x00000000a4d2b230,0x00000000a5e80000)
 Metaspace       used 91141K, capacity 95472K, committed 95576K, reserved 1132544K
  class space    used 11492K, capacity 12399K, committed 12416K, reserved 1048576K
Event: 4540.536 GC heap after
Heap after GC invocations=40 (full 3):
 PSYoungGen      total 395264K, used 20289K [0x00000000e0000000, 0x00000000fe980000, 0x0000000100000000)
  eden space 361472K, 0% used [0x00000000e0000000,0x00000000e0000000,0x00000000f6100000)
  from space 33792K, 60% used [0x00000000f6100000,0x00000000f74d0768,0x00000000f8200000)
  to   space 34816K, 0% used [0x00000000fc780000,0x00000000fc780000,0x00000000fe980000)
 ParOldGen       total 96768K, used 81052K [0x00000000a0000000, 0x00000000a5e80000, 0x00000000e0000000)
  object space 96768K, 83% used [0x00000000a0000000,0x00000000a4f27250,0x00000000a5e80000)
 Metaspace       used 91141K, capacity 95472K, committed 95576K, reserved 1132544K
  class space    used 11492K, capacity 12399K, committed 12416K, reserved 1048576K
}
Event: 4575.042 GC heap before
{Heap before GC invocations=41 (full 3):
 PSYoungGen      total 395264K, used 381761K [0x00000000e0000000, 0x00000000fe980000, 0x0000000100000000)
  eden space 361472K, 100% used [0x00000000e0000000,0x00000000f6100000,0x00000000f6100000)
  from space 33792K, 60% used [0x00000000f6100000,0x00000000f74d0768,0x00000000f8200000)
  to   space 34816K, 0% used [0x00000000fc780000,0x00000000fc780000,0x00000000fe980000)
 ParOldGen       total 96768K, used 81052K [0x00000000a0000000, 0x00000000a5e80000, 0x00000000e0000000)
  object space 96768K, 83% used [0x00000000a0000000,0x00000000a4f27250,0x00000000a5e80000)
 Metaspace       used 92382K, capacity 96854K, committed 97112K, reserved 1134592K
  class space    used 11668K, capacity 12606K, committed 12672K, reserved 1048576K
Event: 4575.055 GC heap after
Heap after GC invocations=41 (full 3):
 PSYoungGen      total 454144K, used 7833K [0x00000000e0000000, 0x00000000fe200000, 0x0000000100000000)
  eden space 427008K, 0% used [0x00000000e0000000,0x00000000e0000000,0x00000000fa100000)
  from space 27136K, 28% used [0x00000000fc780000,0x00000000fcf26738,0x00000000fe200000)
  to   space 33280K, 0% used [0x00000000fa100000,0x00000000fa100000,0x00000000fc180000)
 ParOldGen       total 96768K, used 81664K [0x00000000a0000000, 0x00000000a5e80000, 0x00000000e0000000)
  object space 96768K, 84% used [0x00000000a0000000,0x00000000a4fc0290,0x00000000a5e80000)
 Metaspace       used 92382K, capacity 96854K, committed 97112K, reserved 1134592K
  class space    used 11668K, capacity 12606K, committed 12672K, reserved 1048576K
}

